20 9
20 29
20 8
20 6
20 10
20 10
20 2
20 1
20 4
20 2
20 3
20 4
20 1
20 3
20 13
20 2
20 14
20 11
20 2
20 4
20 1
20 3
20 8
20 1
20 16
20 6
20 9
20 5
20 3
20 1
20 4
20 2
20 1
20 6
20 7
20 4
20 1
20 2
20 2
20 8
20 3
20 1
20 13
20 2
20 9
20 13
20 7
20 7
20 2
20 8
20 16
20 5
20 11
20 6
20 6
20 8
20 1
20 1
20 3
20 6
20 10
20 3
20 7
20 2
20 1
20 5
20 9
20 8
20 7
20 1
20 4
20 3
20 11
20 1
20 5
20 9
20 21
20 2
20 5
20 2
20 7
20 21
20 3
20 7
20 3
20 1
20 2
20 9
20 5
20 2
20 6
20 5
20 23
20 1
20 1
20 4
20 8
20 3
20 9
20 8
20 1
20 3
20 3
20 7
20 10
20 4
20 6
20 1
20 4
20 1
20 2
20 3
20 15
20 32
20 10
20 16
20 4
20 11
20 13
20 5
20 3
20 1
20 15
20 21
20 1
20 13
20 22
20 1
20 7
20 12
20 5
20 1
20 4
20 1
20 2
20 25
20 30
20 2
20 13
20 7
20 2
20 6
20 13
20 11
20 9
20 2
20 37
20 14
20 1
20 36
20 1
20 4
20 3
20 2
20 7
20 13
20 14
20 10
20 7
20 10
20 17
20 2
20 5
20 1
20 14
20 2
20 10
20 1
20 21
20 2
20 6
20 16
20 5
20 13
20 3
20 1
20 6
20 10
20 12
20 6
20 10
20 2
20 1
20 4
20 5
20 6
20 5
20 1
20 12
20 1
20 15
20 3
20 10
20 8
20 3
20 6
20 12
20 5
20 8
20 12
20 2
20 1
20 3
20 5
20 12
20 3
20 2
20 1
20 13
20 8
20 7
20 3
20 4
20 10
20 8
20 28
20 35
20 13
20 1
20 2
20 1
20 1
20 17
20 1
20 4
20 1
20 5
20 1
20 1
20 7
20 3
20 7
20 3
20 6
20 14
20 1
20 5
20 4
20 3
20 5
20 20
20 4
20 1
20 7
20 22
20 17
20 6
20 1
20 6
20 2
20 1
20 2
20 14
20 16
20 2
20 10
20 6
20 7
20 7
20 4
20 8
20 1
20 3
20 2
20 3
20 5
20 12
20 1
20 24
20 3
20 5
20 4
20 4
20 1
20 1
20 2
20 10
20 1
20 1
20 3
20 4
20 17
20 1
20 8
20 9
20 5
20 4
20 6
20 1
20 21
20 11
20 4
20 6
20 1
20 6
20 6
20 4
20 2
20 10
20 13
20 2
20 6
20 6
20 14
20 4
20 2
20 19
20 5
20 13
20 5
20 17
20 1
20 4
20 1
20 3
20 3
20 6
20 2
20 2
20 5
20 5
20 2
20 11
20 12
20 4
20 2
20 1
20 2
20 1
20 3
20 2
20 2
20 2
20 11
20 22
20 6
20 3
20 5
20 4
20 5
20 8
20 1
20 4
20 12
20 10
20 1
20 13
20 7
20 1
20 15
20 8
20 2
20 1
20 3
20 2
20 14
20 8
20 7
20 25
20 2
20 1
20 7
20 12
20 3
20 1
20 3
20 2
20 9
20 6
20 6
20 1
20 8
20 3
20 2
20 4
20 15
20 11
20 1
20 12
20 2
20 1
20 4
20 7
20 3
20 1
20 8
20 1
20 3
20 8
20 2
20 7
20 14
20 3
20 2
20 8
20 6
20 2
20 2
20 1
20 4
20 8
20 7
20 16
20 7
20 1
20 14
20 7
20 17
20 12
20 7
20 1
20 8
20 7
20 8
20 23
20 20
20 3
20 1
20 1
20 1
20 17
20 1
20 1
20 9
20 5
20 15
20 7
20 1
20 11
20 3
20 10
20 3
20 7
20 6
20 16
20 19
20 2
20 3
20 10
20 13
20 2
20 4
20 1
20 1
20 4
20 1
20 5
20 5
20 11
20 14
20 6
20 11
20 7
20 16
20 5
20 3
20 11
20 5
20 4
20 16
20 12
20 4
20 4
20 1
20 37
20 23
20 19
20 7
20 20
20 3
20 29
20 1
20 9
20 5
20 1
20 2
20 3
20 1
20 11
20 12
20 5
20 1
20 4
20 1
20 6
20 9
20 6
20 10
20 3
20 6
20 4
20 18
20 5
20 2
20 30
20 34
20 7
20 1
20 3
20 3
20 1
20 6
20 5
20 5
20 9
20 1
20 1
20 12
20 9
20 6
20 7
20 2
20 2
20 1
20 4
20 2
20 23
20 4
20 6
20 2
20 1
20 9
20 1
20 8
20 2
20 8
20 7
20 3
20 4
20 1
20 32
20 3
20 6
20 9
20 1
20 1
20 8
20 2
20 8
20 11
20 1
20 4
20 4
20 7
20 3
20 6
20 9
20 5
20 1
20 4
20 6
20 1
20 7
20 2
20 5
20 15
20 6
20 4
20 3
20 2
20 2
20 6
20 16
20 2
20 6
20 8
20 1
20 8
20 5
20 8
20 12
20 11
20 3
20 2
20 8
20 6
20 4
20 19
20 5
20 3
20 5
20 2
20 1
20 1
20 2
20 1
20 19
20 14
20 2
20 5
20 8
20 4
20 6
20 13
20 15
20 7
20 7
20 7
20 5
20 12
20 2
20 3
20 3
20 13
20 4
20 6
20 6
20 3
20 5
20 7
20 6
20 4
20 8
20 6
20 1
20 5
20 7
20 2
20 7
20 6
20 12
20 4
20 10
20 8
20 1
20 11
20 1
20 2
20 2
20 4
20 4
20 1
20 24
20 26
20 20
20 2
20 10
20 5
20 1
20 1
20 11
20 9
20 6
20 2
20 1
20 7
20 9
20 12
20 27
20 20
20 3
20 12
20 3
20 9
20 14
20 5
20 5
20 13
20 1
20 16
20 5
20 14
20 7
20 13
20 3
20 1
20 6
20 4
20 3
20 5
20 5
20 4
20 1
20 10
20 7
20 5
20 10
20 15
20 1
20 12
20 2
20 9
20 8
20 29
20 9
20 6
20 6
20 3
20 6
20 16
20 3
20 2
20 11
20 5
20 4
20 1
20 5
20 2
20 11
20 11
20 6
20 9
20 1
20 7
20 4
20 7
20 9
20 3
20 2
20 2
20 4
20 4
20 4
20 2
20 2
20 3
20 1
20 5
20 11
20 4
20 4
20 2
20 14
20 3
20 7
20 13
20 6
20 3
20 7
20 11
20 2
20 4
20 10
20 9
20 1
20 2
20 7
20 2
20 2
20 16
20 18
20 4
20 6
20 10
20 9
20 16
20 21
20 9
20 4
20 5
20 13
20 1
20 3
20 11
20 5
20 7
20 1
20 14
20 2
20 2
20 4
20 4
20 3
20 7
20 1
20 2
20 1
20 3
20 4
20 7
20 2
20 8
20 4
20 5
20 2
20 10
20 17
20 6
20 1
20 4
20 2
20 1
20 1
20 18
20 8
20 2
20 6
20 1
20 2
20 1
20 16
20 11
20 11
20 1
20 10
20 7
20 1
20 5
20 6
20 1
20 4
20 23
20 9
20 23
20 2
20 6
20 20
20 1
20 3
20 24
20 7
20 12
20 1
20 6
20 6
20 4
20 1
20 2
20 3
20 8
20 6
20 4
20 8
20 11
20 13
20 16
20 2
20 7
20 4
20 2
20 16
20 10
20 19
20 5
20 3
20 1
20 8
20 2
20 6
20 10
20 4
20 6
20 2
20 5
20 17
20 3
20 4
20 26
20 1
20 19
20 1
20 1
20 4
20 6
20 1
20 22
20 2
20 2
20 3
20 13
20 1
20 12
20 5
20 1
20 15
20 15
20 11
20 2
20 1
20 2
20 15
20 31
20 7
20 4
20 24
20 4
20 11
20 5
20 1
20 7
20 2
20 12
20 3
20 17
20 10
20 1
20 3
20 6
20 11
20 11
20 2
20 1
20 4
20 3
20 26
20 12
20 3
20 2
20 6
20 2
20 4
20 7
20 3
20 25
20 6
20 2
20 4
20 1
20 11
20 4
20 3
20 1
20 4
20 28
20 4
20 5
20 9
20 5
20 3
20 9
20 14
20 2
20 8
20 5
20 5
20 2
20 9
20 1
20 16
20 1
20 3
20 10
20 3
20 1
20 1
20 4
20 7
20 11
20 2
20 33
20 4
20 16
20 8
20 6
20 14
20 1
20 3
20 4
20 1
20 3
20 2
20 2
20 24
20 4
20 1
20 3
20 3
20 1
20 2
20 2
20 8
20 1
20 5
20 3
20 2
20 1
20 1
20 12
20 4
20 9
20 2
20 11
20 8
20 7
20 1
20 5
20 15
20 3
20 1
20 1
20 10
20 3
20 1
20 5
20 7
20 3
20 5
20 3
20 18
20 1
20 9
20 5
20 9
20 6
20 4
20 2
20 9
20 12
20 3
20 9
--------------------------------------------------
Graph: g01.out
Dimensions (n, m): 200, 6022
Best Optimum: 20
Average Repetitions: 6.72
