30 9
30 1
30 44
30 12
30 31
30 10
30 14
30 13
30 9
30 7
30 2
30 18
30 17
30 51
30 7
30 17
30 24
30 31
30 19
30 10
30 23
30 3
30 14
30 1
30 14
30 1
30 4
30 4
30 10
30 76
30 9
30 31
30 11
30 14
30 1
30 1
30 3
30 6
30 3
30 4
30 26
30 14
30 5
30 20
30 5
30 17
30 11
30 1
30 1
30 2
30 11
30 9
30 1
30 4
30 8
30 25
30 8
30 5
30 21
30 3
30 2
30 17
30 20
30 98
30 8
30 22
30 2
30 13
30 4
30 9
30 12
30 6
30 4
30 12
30 5
30 3
30 6
30 16
30 3
30 3
30 9
30 1
30 16
30 15
30 25
30 36
30 26
30 21
30 17
30 2
30 61
30 8
30 13
30 13
30 2
30 2
30 4
30 13
30 1
30 9
30 2
30 22
30 36
30 9
30 63
30 2
30 2
30 24
30 5
30 21
30 49
30 8
30 7
30 12
30 2
30 6
30 19
30 11
30 33
30 9
30 8
30 15
30 1
30 1
30 1
30 3
30 14
30 28
30 45
30 17
30 3
30 18
30 1
30 10
30 8
30 3
30 11
30 5
30 1
30 19
30 12
30 12
30 8
30 16
30 2
30 26
30 45
30 14
30 3
30 26
30 4
30 15
30 20
30 21
30 2
30 8
30 16
30 15
30 17
30 2
30 8
30 16
30 12
30 12
30 10
30 4
30 4
30 11
30 6
30 29
30 7
30 6
30 3
30 11
30 29
30 5
30 9
30 1
30 1
30 9
30 24
30 9
30 13
30 3
30 18
30 25
30 26
30 11
30 4
30 28
30 11
30 2
30 34
30 9
30 11
30 5
30 23
30 15
30 12
30 13
30 1
30 18
30 14
30 2
30 13
30 57
30 1
30 2
30 9
30 4
30 17
30 64
30 12
30 8
30 19
30 1
30 18
30 3
30 1
30 3
30 3
30 4
30 3
30 3
30 4
30 3
30 3
30 4
30 12
30 7
30 23
30 22
30 10
30 48
30 5
30 7
30 6
30 20
30 4
30 22
30 7
30 6
30 11
30 5
30 23
30 5
30 1
30 13
30 29
30 2
30 5
30 12
30 23
30 57
30 6
30 3
30 20
30 6
30 3
30 3
30 15
30 3
30 18
30 4
30 5
30 29
30 7
30 11
30 18
30 6
30 4
30 1
30 6
30 22
30 6
30 5
30 2
30 7
30 2
30 4
30 19
30 14
30 15
30 60
30 9
30 9
30 13
30 14
30 1
30 1
30 3
30 23
30 34
30 28
30 20
30 13
30 9
30 13
30 2
30 6
30 3
30 12
30 30
30 3
30 14
30 39
30 2
30 12
30 4
30 30
30 8
30 17
30 3
30 4
30 40
30 23
30 6
30 8
30 24
30 16
30 1
30 31
30 3
30 31
30 4
30 2
30 1
30 6
30 22
30 1
30 4
30 20
30 20
30 19
30 18
30 1
30 5
30 4
30 3
30 2
30 1
30 3
30 4
30 18
30 10
30 5
30 3
30 26
30 15
30 13
30 8
30 35
30 28
30 12
30 7
30 2
30 16
30 1
30 2
30 2
30 2
30 22
30 42
30 3
30 4
30 2
30 35
30 4
30 9
30 7
30 5
30 6
30 16
30 10
30 6
30 8
30 3
30 11
30 21
30 3
30 1
30 10
30 31
30 1
30 34
30 1
30 11
30 2
30 4
30 3
30 5
30 5
30 6
30 37
30 11
30 13
30 2
30 2
30 8
30 7
30 16
30 39
30 2
30 2
30 47
30 44
30 8
30 8
30 3
30 10
30 13
30 4
30 6
30 1
30 1
30 20
30 4
30 17
30 20
30 8
30 5
30 7
30 1
30 31
30 4
30 20
30 2
30 18
30 7
30 1
30 3
30 19
30 16
30 15
30 19
30 35
30 2
30 9
30 3
30 6
30 6
30 12
30 4
30 12
30 15
30 3
30 11
30 8
30 13
30 4
30 5
30 8
30 2
30 15
30 4
30 16
30 7
30 8
30 6
30 20
30 4
30 14
30 9
30 7
30 9
30 8
30 7
30 27
30 4
30 1
30 15
30 14
30 5
30 23
30 6
30 1
30 15
30 47
30 15
30 18
30 13
30 28
30 25
30 55
30 2
30 13
30 9
30 2
30 1
30 30
30 63
30 17
30 18
30 8
30 16
30 5
30 4
30 1
30 15
30 12
30 18
30 15
30 5
30 20
30 17
30 8
30 8
30 13
30 4
30 14
30 22
30 4
30 41
30 15
30 9
30 4
30 6
30 1
30 3
30 23
30 1
30 2
30 23
30 21
30 3
30 10
30 8
30 6
30 3
30 8
30 1
30 6
30 4
30 4
30 12
30 9
30 21
30 16
30 23
30 1
30 3
30 1
30 1
30 13
30 1
30 4
30 1
30 11
30 3
30 1
30 3
30 20
30 14
30 8
30 40
30 2
30 1
30 4
30 5
30 6
30 1
30 13
30 6
30 25
30 13
30 1
30 6
30 24
30 12
30 15
30 3
30 1
30 6
30 6
30 11
30 4
30 1
30 15
30 9
30 37
30 3
30 9
30 6
30 4
30 20
30 2
30 3
30 26
30 14
30 2
30 10
30 1
30 10
30 5
30 2
30 7
30 3
30 29
30 7
30 19
30 22
30 5
30 20
30 18
30 12
30 12
30 6
30 1
30 10
30 24
30 7
30 11
30 2
30 7
30 9
30 6
30 9
30 8
30 13
30 58
30 4
30 3
30 4
30 4
30 14
30 30
30 1
30 21
30 9
30 1
30 4
30 2
30 8
30 2
30 7
30 3
30 2
30 6
30 7
30 7
30 2
30 6
30 3
30 4
30 6
30 2
30 31
30 3
30 4
30 4
30 15
30 9
30 4
30 31
30 1
30 14
30 4
30 15
30 28
30 2
30 4
30 17
30 15
30 6
30 8
30 5
30 3
30 7
30 15
30 29
30 14
30 5
30 9
30 12
30 7
30 10
30 6
30 5
30 15
30 38
30 7
30 41
30 12
30 7
30 10
30 9
30 7
30 2
30 19
30 23
30 10
30 2
30 3
30 16
30 28
30 18
30 2
30 53
30 4
30 5
30 26
30 4
30 15
30 1
30 3
30 7
30 4
30 9
30 7
30 8
30 10
30 6
30 17
30 2
30 1
30 1
30 40
30 15
30 27
30 6
30 18
30 6
30 1
30 52
30 18
30 21
30 27
30 23
30 4
30 1
30 27
30 14
30 15
30 6
30 3
30 8
30 24
30 1
30 1
30 6
30 10
30 9
30 9
30 7
30 5
30 5
30 15
30 33
30 11
30 4
30 5
30 34
30 6
30 11
30 13
30 17
30 6
30 3
30 2
30 5
30 3
30 2
30 10
30 22
30 12
30 9
30 1
30 48
30 12
30 4
30 11
30 10
30 8
30 3
30 5
30 4
30 9
30 11
30 3
30 3
30 11
30 6
30 6
30 9
30 19
30 6
30 6
30 8
30 4
30 12
30 30
30 6
30 17
30 5
30 4
30 16
30 5
30 30
30 2
30 18
30 10
30 3
30 6
30 8
30 14
30 17
30 23
30 2
30 11
30 9
30 12
30 43
30 18
30 13
30 6
30 15
30 38
30 2
30 7
30 2
30 23
30 7
30 3
30 8
30 9
30 16
30 3
30 1
30 7
30 9
30 19
30 29
30 4
30 9
30 3
30 6
30 16
30 5
30 8
30 1
30 5
30 2
30 3
30 12
30 7
30 5
30 9
30 24
30 23
30 7
30 32
30 1
30 36
30 19
30 12
30 14
30 12
30 24
30 10
30 5
30 4
30 1
30 11
30 18
30 5
30 3
30 8
30 26
30 3
30 40
30 3
30 12
30 8
30 11
30 2
30 7
30 11
30 1
30 5
30 19
30 69
30 3
30 9
30 5
30 9
30 12
30 22
30 1
30 21
30 13
30 6
30 3
30 5
30 21
30 8
30 4
30 25
30 2
30 11
30 3
30 1
30 28
30 22
30 4
30 8
30 7
30 18
30 7
30 9
30 8
30 38
30 22
30 5
30 20
30 2
30 21
30 12
30 3
30 5
30 5
30 18
30 16
30 3
30 34
30 2
30 13
30 14
30 43
30 3
30 40
30 11
30 27
30 2
30 8
30 42
30 3
30 14
30 15
30 13
30 5
30 1
30 2
30 1
30 1
30 18
30 12
30 20
30 14
30 11
30 10
30 4
30 1
30 6
30 18
30 1
30 15
30 19
30 5
30 2
30 53
30 8
30 1
30 4
30 11
30 2
30 5
30 2
30 5
30 3
30 10
30 1
30 16
30 5
30 9
30 2
30 4
30 1
30 3
30 44
30 11
30 11
30 2
30 10
30 2
30 3
30 1
30 20
30 21
30 2
30 4
30 2
30 5
30 4
30 36
30 11
30 22
30 16
30 2
30 3
30 27
--------------------------------------------------
Graph: g02.out
Dimensions (n, m): 200, 6955
Best Optimum: 30
Average Repetitions: 11.70
