77 1
77 131
77 85
77 8
77 29
77 20
77 58
77 23
77 28
77 38
77 73
77 67
77 34
77 37
77 6
77 98
77 55
77 7
77 10
77 32
77 48
77 198
77 21
77 21
77 73
77 51
77 45
77 33
77 63
77 11
77 74
77 2
77 5
77 41
77 85
77 37
77 3
77 6
77 27
77 10
77 44
77 31
77 34
77 9
77 18
77 37
77 33
77 8
77 17
77 6
77 8
77 1
77 131
77 54
77 174
77 127
77 1
77 65
77 79
77 44
77 40
77 142
77 12
77 22
77 28
77 60
77 20
77 62
77 56
77 15
77 159
77 27
77 33
77 28
77 32
77 54
77 50
77 30
77 7
77 144
77 2
77 40
77 25
77 80
77 71
77 23
77 100
77 32
77 71
77 16
77 28
77 21
77 101
77 51
77 5
77 3
77 40
77 19
77 48
77 46
77 51
77 15
77 35
77 51
77 89
77 2
77 46
77 76
77 78
77 7
77 21
77 66
77 45
77 14
77 65
77 155
77 8
77 68
77 8
77 36
77 61
77 20
77 30
77 4
77 26
77 117
77 70
77 4
77 87
77 38
77 49
77 31
77 24
77 17
77 12
77 17
77 32
77 61
77 34
77 27
77 61
77 48
77 16
77 21
77 39
77 116
77 15
77 20
77 39
77 91
77 34
77 70
77 1
77 44
77 12
77 139
77 37
77 35
77 7
77 82
77 106
77 4
77 26
77 61
77 3
77 36
77 46
77 111
77 79
77 3
77 7
77 109
77 47
77 12
77 119
77 27
77 23
77 10
77 6
77 49
77 20
77 13
77 34
77 32
77 76
77 100
77 52
77 19
77 28
77 15
77 3
77 9
77 72
77 21
77 29
77 45
77 5
77 1
77 167
77 29
77 23
77 24
77 36
77 6
77 5
77 54
77 55
77 45
77 19
77 29
77 36
77 104
77 25
77 47
77 105
77 23
77 90
77 23
77 4
77 24
77 14
77 3
77 16
77 23
77 8
77 4
77 1
77 24
77 8
77 61
77 146
77 32
77 1
77 78
77 34
77 6
77 39
77 130
77 38
77 17
77 12
77 138
77 10
77 19
77 76
77 21
77 52
77 125
77 21
77 15
77 5
77 40
77 11
77 11
77 35
77 115
77 60
77 28
77 39
77 5
77 41
77 126
77 11
77 227
77 23
77 34
77 7
77 69
77 2
77 7
77 25
77 18
77 38
77 36
77 77
77 25
77 30
77 22
77 2
77 86
77 11
77 468
77 60
77 7
77 38
77 29
77 98
77 89
77 11
77 40
77 51
77 22
77 49
77 25
77 30
77 28
77 4
77 21
77 68
77 1
77 43
77 2
77 71
77 25
77 68
77 149
77 4
77 15
77 55
77 24
77 16
77 54
77 16
77 36
77 99
77 45
77 14
77 2
77 20
77 149
77 75
77 56
77 116
77 56
77 54
77 79
77 29
77 20
77 14
77 15
77 3
77 32
77 32
77 38
77 27
77 103
77 79
77 50
77 3
77 19
77 76
77 17
77 125
77 226
77 84
77 52
77 17
77 66
77 5
77 128
77 133
77 63
77 129
77 4
77 24
77 19
77 9
77 66
77 53
77 97
77 45
77 53
77 74
77 11
77 35
77 102
77 37
77 9
77 8
77 184
77 14
77 52
77 28
77 5
77 19
77 65
77 2
77 3
77 21
77 40
77 7
77 83
77 5
77 3
77 42
77 10
77 60
77 47
77 88
77 10
77 151
77 89
77 4
77 70
77 35
77 59
77 11
77 74
77 228
77 59
77 23
77 103
77 69
77 35
77 35
77 19
77 9
77 43
77 92
77 148
77 51
77 106
77 125
77 39
77 5
77 3
77 40
77 33
77 116
77 28
77 13
77 115
77 54
77 13
77 61
77 20
77 143
77 6
77 27
77 5
77 15
77 80
77 12
77 54
77 61
77 17
77 42
77 46
77 37
77 33
77 9
77 34
77 6
77 47
77 3
77 36
77 86
77 28
77 2
77 180
77 26
77 68
77 15
77 17
77 8
77 96
77 71
77 35
77 11
77 37
77 56
77 52
77 6
77 17
77 30
77 32
77 97
77 6
77 4
77 53
77 24
77 16
77 20
77 2
77 30
77 1
77 8
77 30
77 96
77 48
77 36
77 7
77 8
77 9
77 13
77 69
77 49
77 50
77 14
77 34
77 6
77 5
77 13
77 20
77 43
77 86
77 90
77 41
77 9
77 39
77 20
77 74
77 56
77 63
77 67
77 13
77 23
77 35
77 5
77 157
77 85
77 10
77 71
77 32
77 75
77 76
77 20
77 72
77 63
77 94
77 11
77 19
77 12
77 61
77 9
77 50
77 177
77 111
77 91
77 9
77 6
77 41
77 52
77 52
77 161
77 23
77 14
77 40
77 52
77 6
77 62
77 19
77 93
77 18
77 80
77 89
77 32
77 8
77 27
77 48
77 5
77 27
77 49
77 10
77 2
77 68
77 21
77 66
77 22
77 12
77 87
77 22
77 22
77 73
77 8
77 23
77 123
77 5
77 15
77 53
77 2
77 52
77 55
77 69
77 56
77 32
77 80
77 7
77 36
77 74
77 30
77 12
77 35
77 6
77 77
77 15
77 6
77 2
77 152
77 5
77 11
77 9
77 68
77 4
77 31
77 49
77 41
77 85
77 98
77 10
77 16
77 27
77 67
77 80
77 45
77 74
77 94
77 106
77 53
77 5
77 27
77 85
77 12
77 26
77 44
77 27
77 61
77 128
77 83
77 38
77 44
77 38
77 47
77 26
77 46
77 1
77 15
77 29
77 54
77 3
77 12
77 63
77 50
77 16
77 1
77 18
77 61
77 106
77 64
77 14
77 69
77 106
77 58
77 31
77 33
77 76
77 28
77 50
77 1
77 7
77 21
77 25
77 79
77 36
77 26
77 36
77 79
77 8
77 39
77 100
77 63
77 16
77 144
77 26
77 12
77 61
77 54
77 65
77 20
77 33
77 53
77 4
77 49
77 65
77 11
77 7
77 60
77 12
77 11
77 23
77 2
77 5
77 23
77 95
77 10
77 52
77 7
77 46
77 1
77 28
77 67
77 21
77 9
77 19
77 26
77 22
77 44
77 79
77 7
77 16
77 51
77 40
77 30
77 95
77 76
77 34
77 6
77 38
77 27
77 85
77 50
77 40
77 358
77 3
77 7
77 16
77 74
77 44
77 11
77 84
77 1
77 70
77 122
77 7
77 21
77 19
77 29
77 22
77 23
77 19
77 64
77 79
77 112
77 30
77 179
77 9
77 74
77 242
77 20
77 28
77 3
77 38
77 110
77 82
77 17
77 15
77 33
77 5
77 1
77 32
77 121
77 5
77 14
77 11
77 5
77 17
77 9
77 9
77 48
77 35
77 17
77 33
77 68
77 15
77 1
77 92
77 16
77 16
77 16
77 12
77 33
77 52
77 25
77 12
77 4
77 102
77 58
77 59
77 27
77 61
77 3
77 50
77 69
77 3
77 6
77 48
77 28
77 49
77 7
77 46
77 148
77 23
77 52
77 7
77 76
77 39
77 7
77 122
77 32
77 8
77 31
77 9
77 245
77 87
77 31
77 45
77 26
77 85
77 36
77 94
77 23
77 54
77 62
77 136
77 73
77 49
77 70
77 6
77 27
77 25
77 75
77 163
77 65
77 98
77 6
77 25
77 3
77 59
77 88
77 40
77 33
77 70
77 17
77 10
77 23
77 83
77 7
77 8
77 43
77 20
77 49
77 26
77 9
77 13
77 41
77 147
77 13
77 44
77 125
77 2
77 41
77 50
77 63
77 7
77 3
77 42
77 8
77 6
77 24
77 23
77 44
77 6
77 79
77 78
77 8
77 21
77 25
77 88
77 26
77 226
77 51
77 17
77 10
77 6
77 1
77 3
77 12
77 93
77 68
77 69
77 54
77 23
77 26
77 12
77 57
77 42
77 6
77 30
77 61
77 87
77 2
77 83
77 2
77 22
77 106
77 58
77 27
77 10
77 92
77 8
77 6
77 85
77 20
77 50
77 8
77 28
77 26
77 82
77 1
77 7
77 36
77 101
77 56
77 114
77 44
77 18
77 14
77 43
77 116
77 7
77 33
77 12
77 57
77 47
77 5
77 18
77 33
77 2
77 63
77 113
77 80
77 65
77 67
77 7
77 111
77 50
77 5
77 19
77 5
77 14
77 61
77 44
77 60
77 6
77 58
77 11
77 28
77 25
77 48
77 24
77 3
77 42
77 37
77 29
77 38
77 1
77 30
77 54
77 12
77 21
77 42
77 142
77 3
77 21
77 57
77 9
77 13
77 76
77 35
77 2
77 26
77 15
77 97
77 62
77 58
77 6
77 46
77 33
77 89
77 16
77 181
77 6
77 61
77 31
77 3
77 26
77 23
77 71
77 17
77 10
77 13
77 14
77 7
77 18
77 26
77 105
77 7
77 92
77 156
77 36
--------------------------------------------------
Graph: g07.out
Dimensions (n, m): 4000, 360300
Best Optimum: 77
Average Repetitions: 44.05
