50 21
50 13
50 7
50 21
50 5
50 23
50 26
50 11
50 4
50 10
50 10
50 17
50 32
50 19
50 78
50 43
50 17
50 39
50 27
50 30
50 8
50 5
50 5
50 44
50 15
50 16
50 8
50 11
50 12
50 2
50 3
50 3
50 22
50 13
50 15
50 34
50 43
50 34
50 1
50 7
50 2
50 2
50 19
50 16
50 4
50 23
50 14
50 12
50 74
50 6
50 15
50 19
50 30
50 3
50 2
50 12
50 28
50 2
50 10
50 9
50 25
50 1
50 20
50 9
50 9
50 1
50 25
50 29
50 6
50 15
50 6
50 14
50 38
50 13
50 7
50 4
50 18
50 7
50 18
50 42
50 18
50 5
50 25
50 14
50 3
50 2
50 6
50 2
50 9
50 12
50 4
50 12
50 7
50 18
50 4
50 7
50 1
50 23
50 15
50 10
50 15
50 13
50 15
50 8
50 28
50 14
50 1
50 61
50 30
50 4
50 26
50 11
50 60
50 40
50 1
50 1
50 7
50 17
50 4
50 12
50 1
50 6
50 2
50 26
50 11
50 5
50 2
50 39
50 20
50 34
50 14
50 4
50 11
50 9
50 20
50 10
50 8
50 6
50 11
50 3
50 46
50 12
50 8
50 35
50 18
50 14
50 1
50 16
50 7
50 5
50 7
50 11
50 54
50 2
50 28
50 7
50 8
50 23
50 9
50 13
50 3
50 28
50 8
50 1
50 6
50 10
50 19
50 38
50 9
50 4
50 7
50 12
50 58
50 5
50 39
50 17
50 56
50 4
50 6
50 28
50 23
50 1
50 5
50 1
50 9
50 11
50 3
50 26
50 25
50 17
50 22
50 10
50 13
50 33
50 48
50 6
50 3
50 1
50 35
50 1
50 12
50 15
50 19
50 25
50 13
50 37
50 33
50 3
50 6
50 24
50 14
50 19
50 52
50 20
50 34
50 13
50 32
50 38
50 47
50 7
50 10
50 16
50 6
50 4
50 63
50 7
50 13
50 70
50 14
50 7
50 72
50 16
50 21
50 8
50 36
50 23
50 31
50 28
50 8
50 18
50 1
50 4
50 7
50 9
50 34
50 2
50 16
50 1
50 14
50 1
50 6
50 4
50 28
50 13
50 57
50 27
50 9
50 3
50 23
50 63
50 1
50 3
50 18
50 15
50 33
50 9
50 10
50 4
50 3
50 5
50 29
50 7
50 11
50 19
50 63
50 37
50 15
50 2
50 14
50 7
50 16
50 7
50 25
50 21
50 14
50 40
50 6
50 20
50 36
50 17
50 39
50 16
50 18
50 6
50 1
50 17
50 34
50 15
50 20
50 2
50 3
50 1
50 15
50 8
50 4
50 50
50 19
50 24
50 28
50 9
50 3
50 27
50 10
50 9
50 21
50 13
50 13
50 24
50 9
50 1
50 2
50 2
50 19
50 17
50 42
50 27
50 5
50 24
50 4
50 3
50 1
50 3
50 30
50 3
50 43
50 19
50 21
50 12
50 23
50 7
50 5
50 18
50 14
50 18
50 14
50 6
50 40
50 13
50 8
50 3
50 6
50 35
50 48
50 71
50 5
50 26
50 8
50 24
50 16
50 12
50 9
50 35
50 19
50 9
50 5
50 24
50 27
50 3
50 6
50 18
50 5
50 46
50 9
50 11
50 2
50 8
50 1
50 2
50 3
50 33
50 29
50 9
50 9
50 16
50 6
50 5
50 2
50 4
50 15
50 3
50 8
50 99
50 14
50 20
50 3
50 16
50 7
50 52
50 9
50 13
50 3
50 32
50 4
50 16
50 51
50 5
50 6
50 9
50 47
50 22
50 36
50 51
50 12
50 6
50 25
50 4
50 22
50 11
50 8
50 7
50 6
50 15
50 2
50 37
50 2
50 10
50 35
50 1
50 19
50 27
50 33
50 51
50 26
50 49
50 8
50 5
50 28
50 12
50 20
50 32
50 6
50 8
50 55
50 11
50 49
50 2
50 5
50 16
50 18
50 21
50 70
50 12
50 25
50 11
50 24
50 41
50 11
50 72
50 66
50 13
50 22
50 18
50 29
50 1
50 8
50 27
50 11
50 53
50 8
50 5
50 1
50 2
50 66
50 6
50 5
50 31
50 4
50 10
50 1
50 2
50 27
50 7
50 43
50 4
50 43
50 21
50 12
50 31
50 7
50 31
50 7
50 13
50 31
50 50
50 27
50 2
50 11
50 5
50 3
50 1
50 8
50 13
50 15
50 2
50 9
50 45
50 42
50 33
50 8
50 16
50 15
50 26
50 14
50 1
50 40
50 1
50 2
50 33
50 7
50 6
50 69
50 9
50 1
50 22
50 3
50 37
50 26
50 3
50 4
50 8
50 2
50 39
50 3
50 2
50 22
50 36
50 17
50 28
50 55
50 27
50 34
50 8
50 2
50 7
50 39
50 36
50 4
50 11
50 1
50 13
50 14
50 39
50 22
50 5
50 5
50 5
50 4
50 1
50 21
50 4
50 2
50 14
50 12
50 6
50 15
50 13
50 16
50 2
50 1
50 1
50 3
50 8
50 3
50 7
50 7
50 6
50 2
50 22
50 2
50 6
50 8
50 18
50 1
50 2
50 7
50 16
50 43
50 2
50 16
50 28
50 14
50 26
50 11
50 10
50 2
50 21
50 29
50 1
50 8
50 71
50 33
50 44
50 11
50 8
50 6
50 24
50 3
50 6
50 24
50 5
50 7
50 2
50 52
50 28
50 3
50 17
50 2
50 5
50 18
50 2
50 33
50 9
50 6
50 4
50 2
50 24
50 1
50 4
50 19
50 15
50 2
50 4
50 22
50 17
50 10
50 3
50 18
50 4
50 47
50 9
50 17
50 1
50 23
50 18
50 27
50 14
50 18
50 8
50 13
50 2
50 55
50 26
50 18
50 11
50 12
50 18
50 20
50 11
50 6
50 15
50 45
50 4
50 6
50 5
50 14
50 7
50 38
50 2
50 1
50 3
50 23
50 1
50 4
50 12
50 1
50 6
50 23
50 6
50 8
50 3
50 14
50 3
50 19
50 11
50 8
50 22
50 2
50 7
50 8
50 5
50 8
50 13
50 7
50 7
50 17
50 42
50 18
50 14
50 23
50 13
50 15
50 15
50 9
50 4
50 43
50 16
50 4
50 28
50 10
50 87
50 25
50 23
50 15
50 43
50 59
50 8
50 2
50 29
50 4
50 26
50 2
50 16
50 1
50 4
50 6
50 4
50 6
50 18
50 3
50 37
50 38
50 1
50 4
50 9
50 72
50 10
50 34
50 6
50 4
50 1
50 6
50 5
50 4
50 12
50 4
50 30
50 11
50 4
50 14
50 2
50 35
50 35
50 1
50 97
50 46
50 47
50 12
50 15
50 39
50 12
50 5
50 2
50 23
50 12
50 23
50 5
50 25
50 24
50 12
50 20
50 21
50 4
50 1
50 3
50 15
50 5
50 5
50 4
50 9
50 24
50 5
50 27
50 9
50 26
50 29
50 8
50 36
50 11
50 39
50 1
50 17
50 3
50 60
50 42
50 28
50 6
50 7
50 47
50 4
50 23
50 1
50 23
50 42
50 1
50 2
50 6
50 32
50 10
50 10
50 9
50 4
50 70
50 7
50 28
50 29
50 4
50 15
50 47
50 26
50 9
50 8
50 6
50 6
50 1
50 22
50 1
50 41
50 9
50 18
50 39
50 13
50 12
50 9
50 14
50 28
50 9
50 36
50 6
50 5
50 9
50 11
50 9
50 2
50 19
50 5
50 27
50 13
50 17
50 29
50 13
50 15
50 11
50 18
50 13
50 11
50 48
50 2
50 5
50 25
50 6
50 48
50 11
50 22
50 62
50 11
50 30
50 12
50 24
50 35
50 6
50 44
50 9
50 3
50 27
50 17
50 9
50 6
50 13
50 10
50 18
50 6
50 1
50 8
50 8
50 13
50 4
50 35
50 39
50 6
50 4
50 9
50 39
50 41
50 17
50 12
50 13
50 1
50 13
50 4
50 4
50 7
50 2
50 2
50 32
50 7
50 46
50 3
50 71
50 15
50 31
50 10
50 22
50 2
50 12
50 4
50 21
50 7
50 5
50 9
50 20
50 6
50 10
50 9
50 7
50 4
50 2
50 1
50 19
50 1
50 12
50 15
50 15
50 34
50 12
50 46
50 5
50 3
50 15
50 2
50 21
50 7
50 1
50 20
50 31
50 7
50 42
50 9
50 23
50 11
50 22
50 5
50 4
50 23
50 16
50 4
50 1
50 10
50 2
50 13
50 6
50 23
50 8
50 6
50 10
50 20
50 26
50 17
50 3
50 17
50 5
50 20
50 12
50 6
50 8
50 8
50 17
50 4
50 3
50 5
50 29
50 4
50 11
50 10
50 15
50 63
50 12
50 55
50 28
50 21
50 19
50 1
50 14
50 30
50 20
50 7
50 9
50 8
50 1
50 21
50 2
--------------------------------------------------
Graph: g08.out
Dimensions (n, m): 4000, 320205
Best Optimum: 50
Average Repetitions: 16.48
