99 92
99 29
99 7
99 17
99 198
99 18
99 9
99 16
99 4
99 1
99 63
99 30
99 51
99 23
99 28
99 24
99 18
99 2
99 3
99 5
99 8
99 55
99 2
99 1
99 59
99 58
99 115
99 14
99 52
99 31
99 2
99 142
99 24
99 29
99 6
99 40
99 51
99 5
99 3
99 1
99 20
99 42
99 94
99 38
99 11
99 39
99 111
99 36
99 51
99 19
99 10
99 158
99 27
99 17
99 84
99 78
99 20
99 16
99 6
99 8
99 76
99 83
99 17
99 30
99 15
99 16
99 67
99 15
99 13
99 8
99 13
99 25
99 17
99 109
99 15
99 29
99 8
99 33
99 29
99 26
99 2
99 47
99 3
99 36
99 12
99 34
99 49
99 10
99 2
99 97
99 9
99 15
99 6
99 9
99 166
99 89
99 8
99 5
99 52
99 17
99 61
99 4
99 93
99 14
99 25
99 8
99 31
99 41
99 4
99 33
99 68
99 4
99 38
99 52
99 88
99 108
99 19
99 21
99 78
99 162
99 28
99 54
99 75
99 137
99 11
99 68
99 17
99 7
99 7
99 27
99 46
99 19
99 75
99 20
99 37
99 25
99 154
99 16
99 16
99 73
99 13
99 125
99 13
99 25
99 13
99 32
99 10
99 1
99 14
99 70
99 15
99 32
99 86
99 35
99 40
99 5
99 32
99 62
99 25
99 61
99 36
99 57
99 45
99 2
99 33
99 95
99 102
99 28
99 18
99 1
99 11
99 96
99 47
99 26
99 53
99 58
99 47
99 8
99 30
99 11
99 51
99 3
99 184
99 108
99 23
99 29
99 136
99 7
99 57
99 25
99 59
99 99
99 4
99 55
99 16
99 27
99 23
99 32
99 12
99 27
99 46
99 9
99 42
99 26
99 6
99 15
99 53
99 26
99 16
99 87
99 59
99 33
99 3
99 83
99 1
99 7
99 8
99 173
99 1
99 70
99 19
99 19
99 24
99 27
99 30
99 72
99 6
99 22
99 1
99 4
99 29
99 81
99 27
99 14
99 80
99 20
99 14
99 19
99 25
99 33
99 8
99 6
99 4
99 52
99 11
99 17
99 5
99 16
99 32
99 18
99 29
99 45
99 41
99 4
99 3
99 22
99 15
99 2
99 23
99 15
99 9
99 22
99 58
99 52
99 14
99 26
99 12
99 26
99 15
99 8
99 66
99 1
99 49
99 50
99 123
99 8
99 29
99 105
99 2
99 73
99 168
99 38
99 22
99 8
99 10
99 24
99 37
99 9
99 33
99 18
99 34
99 154
99 20
99 22
99 82
99 3
99 40
99 83
99 33
99 56
99 3
99 10
99 38
99 262
99 2
99 30
99 9
99 50
99 3
99 32
99 4
99 167
99 4
99 4
99 41
99 36
99 14
99 73
99 21
99 41
99 17
99 7
99 50
99 18
99 5
99 142
99 5
99 5
99 7
99 19
99 8
99 78
99 5
99 32
99 2
99 34
99 20
99 6
99 11
99 20
99 16
99 68
99 152
99 37
99 34
99 152
99 24
99 11
99 30
99 43
99 33
99 34
99 17
99 16
99 15
99 11
99 33
99 14
99 28
99 30
99 60
99 20
99 7
99 35
99 2
99 7
99 32
99 60
99 38
99 9
99 2
99 40
99 5
99 35
99 11
99 68
99 14
99 2
99 45
99 2
99 22
99 39
99 44
99 9
99 87
99 106
99 32
99 46
99 43
99 12
99 108
99 7
99 12
99 18
99 12
99 165
99 15
99 21
99 31
99 59
99 29
99 2
99 70
99 23
99 16
99 57
99 60
99 16
99 22
99 4
99 40
99 98
99 4
99 20
99 2
99 12
99 1
99 5
99 19
99 42
99 67
99 2
99 26
99 6
99 1
99 17
99 81
99 6
99 49
99 29
99 31
99 8
99 19
99 24
99 16
99 30
99 6
99 79
99 7
99 58
99 4
99 5
99 12
99 5
99 39
99 53
99 68
99 17
99 26
99 8
99 25
99 18
99 40
99 59
99 47
99 10
99 43
99 134
99 26
99 4
99 8
99 9
99 5
99 29
99 12
99 18
99 10
99 55
99 48
99 56
99 38
99 23
99 18
99 17
99 18
99 38
99 51
99 14
99 124
99 53
99 107
99 33
99 14
99 12
99 39
99 12
99 14
99 45
99 7
99 16
99 45
99 39
99 136
99 32
99 43
99 21
99 11
99 54
99 2
99 33
99 4
99 31
99 22
99 9
99 29
99 49
99 25
99 25
99 20
99 43
99 20
99 6
99 16
99 16
99 14
99 51
99 4
99 27
99 58
99 20
99 53
99 78
99 16
99 13
99 54
99 20
99 21
99 15
99 53
99 32
99 15
99 21
99 6
99 106
99 6
99 51
99 26
99 1
99 33
99 158
99 13
99 1
99 52
99 36
99 13
99 12
99 103
99 89
99 46
99 35
99 17
99 48
99 67
99 5
99 3
99 56
99 69
99 64
99 18
99 50
99 49
99 31
99 33
99 197
99 22
99 2
99 231
99 87
99 9
99 29
99 1
99 4
99 104
99 41
99 2
99 84
99 38
99 53
99 24
99 21
99 10
99 3
99 9
99 33
99 16
99 79
99 31
99 24
99 50
99 80
99 16
99 4
99 13
99 18
99 32
99 6
99 52
99 41
99 51
99 47
99 4
99 17
99 16
99 12
99 6
99 2
99 130
99 33
99 61
99 4
99 9
99 2
99 15
99 37
99 29
99 96
99 15
99 12
99 33
99 65
99 11
99 17
99 5
99 26
99 34
99 50
99 16
99 86
99 33
99 128
99 94
99 14
99 20
99 27
99 163
99 71
99 1
99 5
99 4
99 153
99 26
99 4
99 7
99 53
99 45
99 58
99 9
99 13
99 14
99 53
99 30
99 7
99 5
99 49
99 41
99 1
99 6
99 38
99 2
99 11
99 4
99 22
99 23
99 207
99 5
99 112
99 84
99 1
99 89
99 21
99 4
99 2
99 61
99 16
99 9
99 25
99 14
99 14
99 12
99 9
99 24
99 46
99 6
99 11
99 63
99 24
99 52
99 109
99 9
99 18
99 9
99 7
99 34
99 58
99 2
99 27
99 39
99 18
99 3
99 93
99 56
99 83
99 101
99 39
99 3
99 54
99 74
99 31
99 21
99 86
99 33
99 51
99 32
99 12
99 13
99 10
99 21
99 1
99 9
99 30
99 50
99 50
99 28
99 9
99 8
99 41
99 30
99 7
99 66
99 21
99 7
99 51
99 60
99 10
99 34
99 46
99 16
99 59
99 24
99 41
99 28
99 9
99 20
99 18
99 17
99 21
99 12
99 38
99 5
99 35
99 143
99 23
99 13
99 103
99 43
99 17
99 45
99 118
99 9
99 59
99 11
99 16
99 22
99 6
99 70
99 9
99 49
99 26
99 11
99 70
99 14
99 47
99 36
99 75
99 98
99 15
99 1
99 9
99 21
99 6
99 28
99 3
99 95
99 30
99 31
99 16
99 50
99 7
99 50
99 77
99 17
99 56
99 21
99 22
99 15
99 11
99 21
99 34
99 3
99 79
99 4
99 72
99 28
99 41
99 17
99 14
99 49
99 69
99 93
99 12
99 16
99 20
99 31
99 29
99 2
99 11
99 63
99 61
99 41
99 19
99 45
99 30
99 26
99 33
99 2
99 14
99 1
99 24
99 19
99 55
99 71
99 17
99 2
99 44
99 146
99 59
99 3
99 19
99 26
99 102
99 1
99 33
99 5
99 37
99 65
99 61
99 22
99 25
99 34
99 76
99 13
99 125
99 102
99 7
99 43
99 183
99 32
99 20
99 95
99 67
99 2
99 25
99 2
99 22
99 6
99 10
99 12
99 116
99 9
99 52
99 6
99 65
99 10
99 40
99 6
99 3
99 7
99 2
99 4
99 37
99 25
99 32
99 1
99 52
99 2
99 3
99 52
99 22
99 15
99 2
99 46
99 23
99 18
99 53
99 14
99 13
99 3
99 29
99 24
99 94
99 170
99 8
99 40
99 51
99 18
99 8
99 8
99 11
99 79
99 5
99 24
99 2
99 143
99 3
99 20
99 11
99 9
99 4
99 6
99 34
99 20
99 22
99 20
99 2
99 15
99 15
99 17
99 56
99 5
99 114
99 97
99 97
99 100
99 25
99 4
99 4
99 23
99 9
99 12
99 46
99 17
99 11
99 44
99 2
99 20
99 49
99 7
99 81
99 9
99 24
99 63
99 4
99 60
99 13
99 36
99 70
99 11
99 4
99 11
99 2
99 9
99 3
99 8
99 69
99 41
99 36
99 35
99 2
99 21
99 40
99 33
99 41
99 14
99 11
99 36
99 28
99 38
99 33
99 13
99 28
99 3
99 121
99 60
99 47
99 37
99 72
99 2
99 16
99 32
99 3
99 10
99 5
99 8
99 43
99 45
99 19
99 32
99 5
99 35
99 44
--------------------------------------------------
Graph: g09.out
Dimensions (n, m): 5000, 625780
Best Optimum: 99
Average Repetitions: 34.98
