8 31
8 2
8 11
8 42
8 10
8 13
8 1
8 33
8 3
8 63
8 31
8 15
8 44
8 32
8 24
8 5
8 2
8 49
8 7
8 51
8 14
8 27
8 23
8 38
8 19
8 34
8 6
8 51
8 40
8 1
8 18
8 17
8 39
8 62
8 7
8 21
8 36
8 25
8 165
8 8
8 12
8 11
8 11
8 71
8 61
8 65
8 6
8 53
8 78
8 18
8 34
8 102
8 19
8 2
8 10
8 54
8 25
8 3
8 15
8 14
8 31
8 9
8 6
8 30
8 10
8 12
8 4
8 17
8 1
8 24
8 16
8 24
8 21
8 41
8 37
8 44
8 28
8 7
8 3
8 29
8 8
8 15
8 12
8 8
8 36
8 1
8 50
8 15
8 16
8 5
8 3
8 6
8 11
8 51
8 42
8 50
8 13
8 28
8 51
8 63
8 15
8 4
8 107
8 8
8 16
8 23
8 6
8 60
8 125
8 57
8 17
8 23
8 41
8 35
8 1
8 1
8 16
8 24
8 6
8 4
8 8
8 56
8 58
8 41
8 4
8 5
8 83
8 18
8 34
8 55
8 13
8 34
8 3
8 74
8 50
8 51
8 15
8 4
8 11
8 62
8 101
8 21
8 25
8 17
8 7
8 3
8 13
8 30
8 18
8 105
8 59
8 44
8 70
8 76
8 14
8 5
8 76
8 3
8 6
8 45
8 6
8 11
8 5
8 5
8 18
8 28
8 12
8 49
8 23
8 77
8 29
8 30
8 16
8 26
8 28
8 15
8 37
8 9
8 70
8 13
8 7
8 4
8 31
8 18
8 40
8 56
8 38
8 11
8 15
8 15
8 24
8 3
8 27
8 23
8 2
8 26
8 37
8 15
8 68
8 11
8 14
8 71
8 4
8 136
8 6
8 17
8 15
8 6
8 46
8 7
8 16
8 59
8 9
8 52
8 5
8 6
8 18
8 26
8 37
8 14
8 11
8 2
8 22
8 5
8 19
8 18
8 27
8 5
8 42
8 16
8 128
8 17
8 17
8 4
8 36
8 34
8 83
8 14
8 7
8 18
8 17
8 1
8 49
8 9
8 38
8 3
8 2
8 8
8 1
8 4
8 49
8 30
8 9
8 11
8 17
8 63
8 4
8 6
8 74
8 4
8 3
8 2
8 8
8 5
8 26
8 25
8 26
8 67
8 37
8 13
8 19
8 23
8 7
8 8
8 2
8 15
8 12
8 21
8 43
8 19
8 57
8 6
8 130
8 9
8 48
8 31
8 4
8 39
8 42
8 9
8 44
8 1
8 49
8 18
8 6
8 10
8 9
8 61
8 44
8 47
8 15
8 14
8 36
8 67
8 48
8 13
8 90
8 118
8 45
8 7
8 24
8 25
8 90
8 7
8 26
8 87
8 33
8 95
8 30
8 2
8 66
8 29
8 41
8 38
8 25
8 32
8 13
8 70
8 5
8 167
8 26
8 7
8 9
8 10
8 11
8 56
8 27
8 32
8 29
8 31
8 13
8 31
8 96
8 105
8 68
8 91
8 43
8 20
8 44
8 15
8 10
8 33
8 13
8 1
8 73
8 56
8 4
8 20
8 11
8 35
8 39
8 22
8 115
8 115
8 58
8 15
8 5
8 26
8 20
8 6
8 25
8 37
8 19
8 17
8 31
8 12
8 62
8 8
8 8
8 27
8 43
8 31
8 44
8 68
8 29
8 15
8 42
8 18
8 56
8 7
8 17
8 49
8 14
8 5
8 31
8 9
8 6
8 22
8 20
8 3
8 38
8 16
8 8
8 28
8 134
8 67
8 37
8 27
8 17
8 28
8 31
8 10
8 70
8 43
8 15
8 26
8 15
8 6
8 30
8 11
8 2
8 9
8 11
8 28
8 1
8 8
8 72
8 49
8 11
8 9
8 26
8 11
8 1
8 9
8 6
8 31
8 17
8 8
8 4
8 25
8 6
8 20
8 34
8 23
8 3
8 13
8 5
8 34
8 15
8 4
8 42
8 14
8 28
8 53
8 65
8 29
8 44
8 20
8 13
8 22
8 8
8 17
8 24
8 12
8 12
8 23
8 10
8 6
8 10
8 91
8 52
8 4
8 35
8 16
8 9
8 7
8 6
8 27
8 2
8 33
8 53
8 1
8 40
8 7
8 109
8 7
8 30
8 54
8 101
8 105
8 24
8 37
8 6
8 12
8 47
8 22
8 12
8 8
8 40
8 33
8 38
8 14
8 29
8 51
8 3
8 79
8 91
8 26
8 34
8 8
8 5
8 33
8 32
8 11
8 1
8 61
8 1
8 10
8 71
8 47
8 78
8 30
8 15
8 85
8 14
8 106
8 1
8 13
8 3
8 1
8 69
8 10
8 3
8 15
8 23
8 10
8 8
8 6
8 2
8 50
8 9
8 12
8 8
8 60
8 24
8 9
8 3
8 7
8 20
8 7
8 15
8 26
8 27
8 19
8 39
8 37
8 48
8 6
8 27
8 39
8 17
8 3
8 66
8 15
8 65
8 8
8 78
8 27
8 4
8 46
8 3
8 6
8 74
8 56
8 3
8 5
8 12
8 15
8 5
8 33
8 3
8 6
8 42
8 53
8 15
8 13
8 33
8 22
8 47
8 1
8 24
8 6
8 2
8 64
8 48
8 35
8 40
8 55
8 4
8 33
8 11
8 37
8 2
8 12
8 136
8 20
8 5
8 90
8 10
8 11
8 26
8 4
8 12
8 10
8 31
8 131
8 10
8 29
8 2
8 10
8 22
8 35
8 2
8 27
8 1
8 46
8 22
8 15
8 2
8 57
8 45
8 13
8 12
8 5
8 33
8 57
8 1
8 50
8 164
8 74
8 23
8 12
8 8
8 31
8 1
8 3
8 2
8 15
8 11
8 47
8 48
8 13
8 17
8 38
8 19
8 3
8 57
8 13
8 18
8 17
8 23
8 38
8 44
8 1
8 26
8 3
8 3
8 23
8 2
8 19
8 9
8 25
8 13
8 12
8 6
8 77
8 17
8 30
8 25
8 19
8 47
8 29
8 50
8 46
8 56
8 5
8 70
8 37
8 61
8 3
8 17
8 28
8 17
8 25
8 27
8 19
8 27
8 23
8 10
8 46
8 9
8 101
8 27
8 44
8 2
8 54
8 7
8 4
8 22
8 3
8 4
8 49
8 14
8 2
8 69
8 8
8 54
8 68
8 23
8 17
8 43
8 9
8 13
8 22
8 104
8 43
8 8
8 52
8 25
8 28
8 17
8 5
8 2
8 32
8 64
8 5
8 12
8 52
8 8
8 7
8 17
8 35
8 32
8 5
8 26
8 16
8 45
8 7
8 30
8 27
8 34
8 26
8 27
8 39
8 25
8 67
8 9
8 10
8 73
8 25
8 6
8 1
8 40
8 6
8 10
8 9
8 31
8 21
8 29
8 109
8 71
8 7
8 27
8 32
8 64
8 21
8 14
8 33
8 27
8 35
8 31
8 56
8 3
8 44
8 19
8 23
8 27
8 39
8 13
8 38
8 79
8 40
8 10
8 9
8 12
8 11
8 4
8 38
8 1
8 39
8 28
8 19
8 4
8 41
8 8
8 18
8 56
8 1
8 3
8 15
8 34
8 27
8 21
8 11
8 2
8 33
8 9
8 4
8 4
8 143
8 63
8 40
8 13
8 33
8 124
8 10
8 37
8 13
8 15
8 12
8 5
8 25
8 136
8 21
8 67
8 20
8 20
8 7
8 1
8 48
8 36
8 32
8 6
8 19
8 38
8 37
8 28
8 16
8 50
8 15
8 19
8 26
8 5
8 8
8 33
8 8
8 148
8 32
8 2
8 69
8 4
8 73
8 40
8 24
8 16
8 5
8 11
8 8
8 73
8 27
8 19
8 2
8 39
8 65
8 15
8 26
8 40
8 29
8 15
8 16
8 13
8 31
8 22
8 22
8 14
8 96
8 36
8 26
8 42
8 20
8 57
8 19
8 16
8 33
8 38
8 12
8 64
8 68
8 46
8 1
8 42
8 34
8 11
8 26
8 7
8 14
8 126
8 48
8 23
8 16
8 35
8 30
8 26
8 5
8 26
8 57
8 4
8 18
8 21
8 51
8 27
8 13
8 32
8 15
8 14
8 59
8 25
8 17
8 5
8 15
8 24
8 44
8 16
8 21
8 15
8 90
8 32
8 13
8 68
8 1
8 18
8 22
8 62
8 48
8 96
8 4
8 25
8 3
8 44
8 2
8 37
8 11
8 34
8 15
8 8
8 4
8 29
8 20
8 10
8 36
8 82
8 27
8 39
8 14
8 15
8 34
8 19
8 17
8 14
8 22
8 13
8 23
8 66
8 4
8 5
8 24
8 14
8 78
8 13
8 37
8 37
8 21
8 22
8 5
8 21
8 45
8 2
8 27
8 101
8 17
8 10
8 31
8 42
8 40
8 62
8 60
8 16
8 108
8 19
8 12
--------------------------------------------------
Graph: g10.out
Dimensions (n, m): 5200, 67279
Best Optimum: 8
Average Repetitions: 28.67
