10 43
10 21
10 57
10 8
10 78
10 23
10 39
10 2
10 3
10 39
10 2
10 67
10 159
10 11
10 78
10 60
10 79
10 37
10 1
10 93
10 40
10 55
10 33
10 39
10 76
10 84
10 6
10 135
10 216
10 44
10 3
10 35
10 281
10 13
10 133
10 3
10 75
10 31
10 10
10 58
10 125
10 5
10 57
10 67
10 128
10 53
10 34
10 13
10 33
10 79
10 71
10 45
10 54
10 91
10 69
10 91
10 2
10 25
10 78
10 97
10 9
10 102
10 8
10 62
10 160
10 58
10 23
10 91
10 15
10 31
10 14
10 7
10 104
10 77
10 121
10 42
10 3
10 5
10 142
10 32
10 88
10 13
10 59
10 28
10 20
10 6
10 3
10 23
10 304
10 185
10 1
10 108
10 53
10 16
10 130
10 191
10 14
10 4
10 28
10 47
10 17
10 91
10 158
10 93
10 56
10 107
10 8
10 22
10 46
10 4
10 119
10 3
10 28
10 28
10 301
10 36
10 32
10 25
10 12
10 62
10 103
10 44
10 31
10 43
10 88
10 28
10 69
10 95
10 45
10 107
10 38
10 13
10 27
10 13
10 104
10 42
10 18
10 53
10 32
10 87
10 18
10 62
10 48
10 2
10 66
10 44
10 23
10 34
10 15
10 16
10 38
10 66
10 21
10 8
10 14
10 6
10 143
10 58
10 23
10 210
10 9
10 58
10 23
10 25
10 11
10 16
10 44
10 35
10 4
10 38
10 5
10 41
10 110
10 3
10 6
10 99
10 173
10 9
10 44
10 154
10 147
10 100
10 64
10 38
10 74
10 80
10 4
10 1
10 90
10 25
10 53
10 26
10 22
10 47
10 116
10 73
10 3
10 66
10 110
10 44
10 94
10 112
10 48
10 24
10 20
10 93
10 29
10 50
10 128
10 63
10 6
10 145
10 9
10 51
10 5
10 21
10 53
10 14
10 16
10 67
10 110
10 10
10 45
10 2
10 5
10 4
10 79
10 51
10 71
10 286
10 47
10 10
10 192
10 64
10 13
10 95
10 71
10 88
10 12
10 41
10 74
10 5
10 7
10 38
10 142
10 62
10 10
10 36
10 189
10 35
10 11
10 93
10 10
10 4
10 82
10 4
10 64
10 56
10 91
10 94
10 60
10 82
10 5
10 31
10 65
10 27
10 4
10 95
10 37
10 58
10 49
10 46
10 13
10 51
10 102
10 34
10 60
10 121
10 60
10 120
10 31
10 21
10 20
10 127
10 71
10 123
10 106
10 180
10 92
10 33
10 7
10 35
10 99
10 84
10 8
10 34
10 80
10 123
10 27
10 3
10 65
10 35
10 94
10 39
10 7
10 107
10 124
10 79
10 172
10 110
10 1
10 101
10 52
10 190
10 8
10 17
10 21
10 196
10 16
10 1
10 33
10 22
10 95
10 45
10 4
10 24
10 115
10 74
10 28
10 5
10 443
10 22
10 235
10 3
10 83
10 107
10 55
10 23
10 22
10 50
10 8
10 124
10 34
10 107
10 9
10 14
10 70
10 22
10 35
10 60
10 47
10 96
10 42
10 63
10 19
10 35
10 51
10 5
10 15
10 33
10 7
10 5
10 52
10 99
10 55
10 215
10 63
10 20
10 68
10 104
10 171
10 16
10 26
10 56
10 23
10 15
10 13
10 9
10 43
10 53
10 3
10 41
10 81
10 19
10 12
10 32
10 205
10 92
10 6
10 10
10 6
10 52
10 69
10 10
10 96
10 132
10 84
10 22
10 20
10 36
10 46
10 13
10 39
10 84
10 50
10 2
10 7
10 24
10 32
10 83
10 16
10 130
10 10
10 13
10 135
10 42
10 72
10 6
10 46
10 84
10 176
10 8
10 5
10 25
10 53
10 16
10 59
10 15
10 72
10 50
10 50
10 16
10 250
10 52
10 71
10 3
10 37
10 48
10 101
10 44
10 90
10 39
10 5
10 8
10 76
10 112
10 39
10 122
10 41
10 31
10 106
10 25
10 15
10 291
10 7
10 41
10 9
10 7
10 81
10 30
10 36
10 11
10 111
10 25
10 17
10 3
10 87
10 119
10 170
10 13
10 7
10 69
10 124
10 39
10 186
10 259
10 25
10 7
10 40
10 83
10 31
10 18
10 123
10 109
10 39
10 97
10 129
10 11
10 117
10 238
10 11
10 4
10 8
10 83
10 59
10 34
10 23
10 117
10 26
10 44
10 2
10 488
10 61
10 5
10 128
10 6
10 63
10 10
10 25
10 4
10 107
10 26
10 35
10 19
10 79
10 22
10 9
10 102
10 63
10 105
10 4
10 33
10 44
10 4
10 35
10 50
10 103
10 98
10 27
10 38
10 171
10 43
10 4
10 326
10 10
10 160
10 162
10 12
10 19
10 96
10 62
10 35
10 52
10 60
10 52
10 30
10 39
10 51
10 35
10 167
10 14
10 23
10 7
10 62
10 115
10 18
10 134
10 86
10 4
10 85
10 130
10 66
10 83
10 24
10 18
10 19
10 66
10 2
10 25
10 27
10 86
10 88
10 46
10 91
10 96
10 7
10 17
10 105
10 106
10 40
10 15
10 185
10 3
10 5
10 16
10 123
10 21
10 119
10 61
10 23
10 84
10 87
10 40
10 44
10 48
10 239
10 7
10 51
10 30
10 192
10 12
10 91
10 45
10 4
10 70
10 91
10 2
10 2
10 134
10 54
10 72
10 124
10 47
10 10
10 51
10 7
10 37
10 26
10 2
10 12
10 43
10 50
10 130
10 184
10 115
10 141
10 93
10 10
10 57
10 7
10 24
10 57
10 103
10 52
10 13
10 6
10 107
10 62
10 34
10 45
10 51
10 201
10 57
10 100
10 51
10 193
10 50
10 25
10 100
10 21
10 91
10 299
10 216
10 259
10 158
10 13
10 53
10 144
10 52
10 12
10 14
10 50
10 18
10 45
10 17
10 28
10 16
10 26
10 42
10 7
10 8
10 36
10 3
10 100
10 1
10 34
10 20
10 61
10 68
10 36
10 110
10 43
10 101
10 12
10 51
10 3
10 46
10 97
10 56
10 83
10 11
10 115
10 62
10 11
10 89
10 43
10 4
10 22
10 107
10 16
10 46
10 82
10 49
10 14
10 87
10 74
10 223
10 8
10 377
10 189
10 31
10 38
10 5
10 156
10 25
10 48
10 62
10 18
10 18
10 4
10 99
10 81
10 4
10 32
10 18
10 80
10 71
10 20
10 55
10 24
10 179
10 147
10 62
10 15
10 32
10 89
10 42
10 1
10 68
10 241
10 43
10 172
10 27
10 204
10 7
10 17
10 66
10 30
10 75
10 16
10 173
10 1
10 59
10 54
10 49
10 97
10 193
10 5
10 3
10 36
10 85
10 197
10 38
10 160
10 29
10 53
10 130
10 47
10 101
10 173
10 78
10 8
10 26
10 5
10 76
10 181
10 10
10 13
10 120
10 2
10 70
10 52
10 38
10 29
10 91
10 71
10 4
10 10
10 20
10 37
10 94
10 101
10 57
10 93
10 53
10 21
10 28
10 22
10 9
10 52
10 67
10 27
10 134
10 7
10 207
10 14
10 46
10 77
10 96
10 14
10 93
10 66
10 14
10 17
10 291
10 50
10 29
10 85
10 18
10 7
10 19
10 30
10 223
10 83
10 14
10 49
10 53
10 15
10 68
10 13
10 169
10 34
10 87
10 42
10 44
10 5
10 17
10 123
10 24
10 110
10 12
10 299
10 29
10 75
10 82
10 20
10 30
10 6
10 123
10 38
10 8
10 16
10 141
10 43
10 9
10 84
10 8
10 140
10 5
10 147
10 121
10 42
10 28
10 54
10 6
10 121
10 195
10 7
10 62
10 71
10 47
10 45
10 40
10 41
10 59
10 28
10 10
10 4
10 94
10 86
10 33
10 37
10 130
10 2
10 322
10 18
10 32
10 108
10 37
10 34
10 104
10 42
10 85
10 78
10 79
10 33
10 68
10 20
10 79
10 27
10 16
10 79
10 52
10 54
10 55
10 6
10 12
10 45
10 41
10 22
10 46
10 24
10 8
10 50
10 22
10 13
10 136
10 97
10 74
10 94
10 45
10 4
10 85
10 22
10 5
10 3
10 28
10 26
10 77
10 18
10 88
10 66
10 9
10 11
10 150
10 47
10 14
10 9
10 174
10 12
10 157
10 59
10 131
10 153
10 55
10 18
10 2
10 71
10 121
10 87
10 5
10 65
10 121
10 23
10 17
10 231
10 54
10 10
10 11
10 82
10 45
10 97
10 74
10 19
10 8
10 8
10 18
10 17
10 40
10 78
10 13
10 29
10 23
10 21
10 4
10 131
10 57
10 25
10 45
10 12
10 5
10 55
10 1
10 127
10 136
10 164
10 36
10 22
10 82
10 32
10 100
10 29
10 12
10 17
10 226
10 147
10 85
10 60
10 82
10 28
--------------------------------------------------
Graph: g11.out
Dimensions (n, m): 5200, 67733
Best Optimum: 10
Average Repetitions: 60.31
