11 38
11 18
11 54
11 58
11 50
11 60
11 46
11 17
11 51
11 30
11 37
11 31
11 74
11 68
11 5
11 53
11 23
11 3
11 5
11 72
11 20
11 134
11 5
11 41
11 55
11 8
11 14
11 117
11 39
11 244
11 150
11 19
11 89
11 100
11 16
11 41
11 65
11 148
11 41
11 216
11 25
11 42
11 38
11 30
11 82
11 51
11 21
11 288
11 20
11 5
11 1
11 55
11 129
11 3
11 67
11 47
11 26
11 13
11 104
11 124
11 73
11 43
11 11
11 56
11 14
11 20
11 48
11 57
11 68
11 33
11 58
11 3
11 84
11 23
11 12
11 184
11 57
11 163
11 116
11 31
11 7
11 43
11 44
11 25
11 13
11 42
11 18
11 17
11 7
11 18
11 109
11 5
11 191
11 6
11 20
11 2
11 48
11 26
11 38
11 10
11 64
11 8
11 45
11 27
11 20
11 52
11 43
11 67
11 271
11 91
11 46
11 10
11 50
11 32
11 44
11 63
11 11
11 41
11 91
11 41
11 35
11 71
11 2
11 120
11 139
11 41
11 8
11 8
11 7
11 191
11 15
11 7
11 11
11 28
11 22
11 1
11 99
11 56
11 3
11 31
11 24
11 181
11 164
11 18
11 1
11 125
11 55
11 16
11 22
11 2
11 78
11 25
11 5
11 30
11 46
11 15
11 19
11 25
11 23
11 25
11 60
11 3
11 12
11 3
11 42
11 23
11 19
11 18
11 53
11 1
11 82
11 58
11 2
11 19
11 184
11 18
11 24
11 25
11 19
11 56
11 42
11 2
11 37
11 54
11 6
11 65
11 83
11 12
11 62
11 74
11 46
11 99
11 18
11 35
11 29
11 3
11 15
11 52
11 25
11 23
11 12
11 5
11 23
11 4
11 4
11 3
11 49
11 76
11 14
11 12
11 29
11 21
11 42
11 15
11 15
11 63
11 50
11 3
11 22
11 52
11 25
11 2
11 63
11 64
11 11
11 44
11 104
11 23
11 15
11 92
11 83
11 37
11 32
11 13
11 39
11 126
11 78
11 19
11 4
11 6
11 3
11 66
11 32
11 16
11 42
11 107
11 36
11 12
11 85
11 60
11 33
11 120
11 51
11 30
11 4
11 16
11 44
11 103
11 12
11 7
11 3
11 6
11 13
11 72
11 13
11 15
11 36
11 34
11 61
11 15
11 25
11 102
11 4
11 8
11 8
11 165
11 7
11 47
11 8
11 10
11 5
11 10
11 43
11 18
11 20
11 79
11 20
11 40
11 46
11 66
11 85
11 199
11 2
11 29
11 48
11 21
11 18
11 46
11 27
11 66
11 21
11 23
11 44
11 192
11 22
11 3
11 11
11 7
11 17
11 46
11 12
11 143
11 9
11 53
11 45
11 13
11 38
11 131
11 56
11 2
11 21
11 5
11 41
11 6
11 23
11 43
11 85
11 95
11 26
11 6
11 72
11 13
11 2
11 37
11 90
11 40
11 42
11 29
11 22
11 25
11 13
11 54
11 127
11 24
11 62
11 33
11 5
11 153
11 36
11 107
11 40
11 17
11 59
11 6
11 174
11 4
11 47
11 7
11 4
11 39
11 4
11 75
11 41
11 17
11 35
11 116
11 19
11 26
11 158
11 81
11 74
11 51
11 75
11 97
11 63
11 45
11 53
11 77
11 117
11 19
11 11
11 225
11 7
11 343
11 112
11 2
11 21
11 10
11 6
11 186
11 68
11 25
11 17
11 70
11 26
11 54
11 20
11 70
11 69
11 12
11 13
11 21
11 105
11 164
11 11
11 55
11 3
11 54
11 29
11 3
11 42
11 56
11 142
11 52
11 227
11 22
11 106
11 116
11 3
11 10
11 25
11 15
11 181
11 10
11 76
11 5
11 11
11 81
11 138
11 78
11 63
11 6
11 10
11 92
11 3
11 27
11 24
11 3
11 52
11 1
11 70
11 95
11 6
11 29
11 5
11 1
11 36
11 8
11 15
11 131
11 46
11 226
11 2
11 6
11 34
11 23
11 25
11 33
11 12
11 35
11 21
11 51
11 106
11 4
11 14
11 29
11 46
11 2
11 15
11 11
11 32
11 50
11 18
11 22
11 101
11 13
11 123
11 38
11 20
11 4
11 20
11 23
11 90
11 13
11 21
11 221
11 117
11 53
11 192
11 52
11 28
11 6
11 47
11 35
11 36
11 15
11 20
11 39
11 5
11 2
11 22
11 7
11 39
11 3
11 21
11 60
11 9
11 29
11 8
11 6
11 37
11 14
11 8
11 8
11 103
11 7
11 31
11 4
11 56
11 74
11 8
11 85
11 101
11 9
11 75
11 92
11 31
11 12
11 164
11 18
11 24
11 91
11 34
11 99
11 62
11 9
11 25
11 92
11 52
11 76
11 2
11 47
11 49
11 24
11 42
11 13
11 22
11 14
11 1
11 8
11 13
11 46
11 254
11 28
11 25
11 45
11 50
11 15
11 97
11 30
11 60
11 21
11 15
11 31
11 4
11 118
11 4
11 16
11 6
11 46
11 87
11 3
11 12
11 72
11 16
11 9
11 23
11 12
11 39
11 129
11 71
11 17
11 53
11 14
11 11
11 12
11 27
11 2
11 41
11 20
11 22
11 62
11 15
11 20
11 42
11 18
11 7
11 207
11 73
11 32
11 13
11 7
11 55
11 17
11 205
11 7
11 77
11 215
11 9
11 126
11 119
11 5
11 10
11 4
11 131
11 18
11 35
11 119
11 24
11 90
11 133
11 43
11 52
11 123
11 25
11 8
11 116
11 88
11 1
11 1
11 6
11 40
11 20
11 47
11 21
11 4
11 50
11 54
11 127
11 39
11 24
11 3
11 49
11 104
11 28
11 15
11 47
11 74
11 19
11 4
11 47
11 24
11 274
11 49
11 16
11 98
11 39
11 89
11 48
11 28
11 31
11 65
11 40
11 4
11 109
11 43
11 131
11 33
11 12
11 1
11 5
11 20
11 117
11 76
11 39
11 24
11 2
11 90
11 113
11 6
11 30
11 44
11 16
11 97
11 6
11 19
11 52
11 78
11 27
11 38
11 22
11 135
11 23
11 64
11 109
11 95
11 36
11 64
11 18
11 48
11 33
11 21
11 42
11 48
11 46
11 16
11 68
11 40
11 154
11 23
11 1
11 41
11 74
11 33
11 73
11 19
11 82
11 43
11 5
11 16
11 93
11 3
11 17
11 109
11 84
11 14
11 55
11 11
11 2
11 81
11 110
11 69
11 57
11 6
11 79
11 66
11 51
11 11
11 88
11 52
11 10
11 97
11 98
11 7
11 135
11 7
11 91
11 14
11 97
11 46
11 35
11 125
11 10
11 52
11 19
11 14
11 1
11 185
11 131
11 8
11 50
11 27
11 41
11 3
11 13
11 10
11 3
11 54
11 19
11 29
11 27
11 36
11 43
11 7
11 52
11 53
11 33
11 49
11 48
11 53
11 35
11 186
11 12
11 8
11 127
11 20
11 15
11 100
11 3
11 15
11 36
11 24
11 20
11 42
11 32
11 108
11 41
11 7
11 63
11 27
11 18
11 1
11 117
11 78
11 13
11 28
11 1
11 92
11 33
11 25
11 70
11 45
11 42
11 276
11 12
11 286
11 25
11 87
11 57
11 42
11 4
11 171
11 2
11 15
11 106
11 47
11 40
11 4
11 139
11 39
11 2
11 19
11 40
11 15
11 23
11 79
11 27
11 101
11 32
11 31
11 34
11 41
11 15
11 52
11 62
11 22
11 20
11 36
11 2
11 3
11 10
11 17
11 1
11 94
11 1
11 16
11 15
11 2
11 37
11 6
11 69
11 28
11 20
11 71
11 91
11 10
11 19
11 1
11 28
11 22
11 46
11 44
11 9
11 28
11 9
11 43
11 12
11 41
11 82
11 32
11 7
11 35
11 23
11 83
11 23
11 77
11 77
11 1
11 47
11 38
11 1
11 23
11 20
11 41
11 51
11 7
11 31
11 83
11 18
11 22
11 43
11 124
11 50
11 7
11 30
11 40
11 152
11 2
11 36
11 4
11 26
11 58
11 13
11 176
11 38
11 17
11 13
11 9
11 22
11 19
11 18
11 89
11 66
11 8
11 98
11 5
11 11
11 72
11 13
11 167
11 60
11 61
11 69
11 13
11 97
11 1
11 7
11 76
11 37
11 39
11 32
11 2
11 10
11 30
11 89
11 26
11 20
11 28
11 54
11 187
11 25
11 108
11 23
11 79
11 104
11 88
11 81
11 43
11 74
11 25
11 52
11 16
11 9
11 116
11 85
11 9
11 65
11 13
11 22
11 8
11 53
11 7
11 23
11 96
11 4
11 47
11 120
11 36
11 61
11 36
11 72
11 125
11 94
11 109
11 29
11 12
11 46
11 10
11 20
11 262
11 63
11 15
11 27
11 105
11 32
11 97
11 90
11 51
11 29
11 15
--------------------------------------------------
Graph: g12.out
Dimensions (n, m): 6000, 89726
Best Optimum: 11
Average Repetitions: 46.97
