12 4
12 17
12 1
12 71
12 26
12 1
12 27
12 15
12 8
12 14
12 30
12 35
12 10
12 102
12 13
12 115
12 13
12 23
12 25
12 6
12 46
12 3
12 38
12 29
12 14
12 3
12 13
12 14
12 29
12 27
12 12
12 22
12 22
12 32
12 8
12 6
12 1
12 83
12 9
12 22
12 2
12 14
12 31
12 11
12 4
12 8
12 53
12 27
12 16
12 22
12 99
12 32
12 30
12 63
12 8
12 6
12 25
12 19
12 4
12 23
12 41
12 63
12 25
12 43
12 44
12 29
12 31
12 43
12 31
12 15
12 20
12 7
12 5
12 12
12 43
12 68
12 1
12 14
12 34
12 79
12 14
12 64
12 53
12 28
12 48
12 12
12 9
12 19
12 37
12 3
12 25
12 7
12 6
12 2
12 2
12 8
12 9
12 22
12 14
12 8
12 8
12 6
12 2
12 11
12 3
12 26
12 58
12 11
12 10
12 47
12 20
12 49
12 23
12 26
12 12
12 21
12 3
12 48
12 23
12 1
12 69
12 14
12 25
12 31
12 13
12 1
12 88
12 40
12 2
12 11
12 12
12 31
12 75
12 38
12 2
12 24
12 12
12 108
12 8
12 17
12 22
12 37
12 42
12 3
12 10
12 80
12 19
12 5
12 3
12 25
12 10
12 10
12 54
12 11
12 7
12 110
12 5
12 12
12 28
12 29
12 17
12 68
12 40
12 13
12 16
12 1
12 89
12 14
12 1
12 97
12 73
12 62
12 76
12 14
12 10
12 142
12 9
12 32
12 5
12 72
12 33
12 8
12 11
12 11
12 43
12 11
12 34
12 5
12 3
12 7
12 8
12 73
12 8
12 19
12 1
12 1
12 34
12 68
12 24
12 11
12 3
12 2
12 51
12 27
12 76
12 39
12 3
12 24
12 18
12 7
12 47
12 1
12 40
12 39
12 26
12 11
12 19
12 59
12 54
12 19
12 8
12 9
12 12
12 14
12 10
12 2
12 21
12 8
12 6
12 32
12 24
12 27
12 139
12 5
12 41
12 15
12 10
12 78
12 29
12 2
12 13
12 11
12 7
12 6
12 4
12 56
12 6
12 18
12 12
12 68
12 39
12 2
12 5
12 21
12 9
12 16
12 33
12 6
12 8
12 43
12 11
12 49
12 20
12 4
12 48
12 36
12 30
12 4
12 2
12 12
12 4
12 3
12 82
12 44
12 52
12 16
12 1
12 63
12 128
12 17
12 79
12 27
12 86
12 65
12 6
12 49
12 17
12 21
12 43
12 4
12 11
12 21
12 9
12 36
12 69
12 47
12 3
12 4
12 22
12 13
12 16
12 45
12 9
12 10
12 10
12 20
12 17
12 1
12 57
12 9
12 13
12 6
12 9
12 18
12 35
12 62
12 14
12 35
12 30
12 14
12 2
12 30
12 49
12 52
12 3
12 147
12 86
12 4
12 44
12 9
12 85
12 86
12 6
12 69
12 2
12 60
12 11
12 81
12 13
12 12
12 6
12 3
12 57
12 25
12 71
12 1
12 28
12 15
12 48
12 42
12 110
12 23
12 40
12 22
12 23
12 20
12 12
12 7
12 47
12 16
12 41
12 58
12 38
12 14
12 3
12 6
12 52
12 2
12 4
12 5
12 57
12 5
12 39
12 16
12 111
12 22
12 2
12 42
12 99
12 25
12 40
12 3
12 29
12 10
12 83
12 30
12 16
12 113
12 59
12 4
12 8
12 55
12 29
12 81
12 82
12 83
12 45
12 7
12 15
12 18
12 2
12 62
12 113
12 24
12 2
12 41
12 91
12 3
12 50
12 23
12 3
12 72
12 48
12 50
12 32
12 32
12 9
12 40
12 3
12 14
12 72
12 88
12 57
12 10
12 109
12 35
12 5
12 82
12 83
12 14
12 34
12 77
12 35
12 14
12 109
12 2
12 79
12 25
12 7
12 38
12 38
12 16
12 101
12 3
12 68
12 6
12 43
12 6
12 2
12 1
12 57
12 31
12 62
12 24
12 38
12 4
12 3
12 2
12 24
12 32
12 20
12 51
12 53
12 42
12 59
12 17
12 24
12 25
12 34
12 42
12 9
12 32
12 67
12 121
12 9
12 48
12 14
12 44
12 2
12 28
12 25
12 21
12 18
12 38
12 11
12 21
12 1
12 10
12 9
12 17
12 2
12 19
12 20
12 21
12 19
12 124
12 22
12 17
12 12
12 13
12 33
12 10
12 10
12 14
12 57
12 47
12 9
12 4
12 19
12 24
12 24
12 73
12 14
12 164
12 6
12 36
12 11
12 4
12 21
12 7
12 11
12 4
12 10
12 42
12 8
12 10
12 4
12 26
12 16
12 77
12 12
12 31
12 6
12 37
12 10
12 253
12 21
12 40
12 3
12 127
12 71
12 17
12 59
12 45
12 17
12 6
12 20
12 25
12 24
12 5
12 1
12 9
12 65
12 96
12 4
12 6
12 22
12 15
12 69
12 5
12 10
12 10
12 39
12 66
12 5
12 17
12 38
12 6
12 13
12 3
12 17
12 15
12 71
12 45
12 6
12 16
12 12
12 25
12 181
12 25
12 30
12 4
12 22
12 5
12 14
12 52
12 14
12 74
12 71
12 54
12 30
12 1
12 29
12 16
12 21
12 22
12 23
12 37
12 22
12 13
12 18
12 5
12 38
12 20
12 43
12 3
12 105
12 12
12 60
12 3
12 23
12 14
12 63
12 156
12 18
12 7
12 10
12 21
12 8
12 7
12 1
12 99
12 12
12 10
12 9
12 8
12 15
12 38
12 38
12 60
12 2
12 4
12 7
12 37
12 66
12 8
12 7
12 47
12 7
12 12
12 62
12 17
12 57
12 37
12 16
12 12
12 55
12 12
12 18
12 3
12 3
12 57
12 20
12 22
12 3
12 13
12 6
12 64
12 79
12 11
12 55
12 26
12 18
12 17
12 30
12 44
12 19
12 9
12 18
12 54
12 19
12 7
12 36
12 1
12 78
12 5
12 36
12 29
12 13
12 9
12 14
12 1
12 6
12 67
12 2
12 96
12 25
12 45
12 31
12 3
12 15
12 3
12 14
12 8
12 10
12 90
12 19
12 18
12 127
12 5
12 3
12 1
12 48
12 50
12 27
12 30
12 132
12 5
12 11
12 14
12 7
12 73
12 9
12 42
12 26
12 26
12 50
12 140
12 24
12 4
12 7
12 1
12 26
12 6
12 9
12 10
12 249
12 3
12 42
12 5
12 13
12 32
12 19
12 6
12 10
12 36
12 33
12 10
12 24
12 6
12 10
12 27
12 48
12 54
12 21
12 47
12 43
12 9
12 11
12 36
12 24
12 10
12 10
12 39
12 3
12 5
12 12
12 50
12 2
12 67
12 31
12 6
12 63
12 12
12 12
12 37
12 11
12 37
12 2
12 15
12 30
12 16
12 15
12 1
12 7
12 46
12 15
12 20
12 21
12 60
12 23
12 87
12 3
12 4
12 26
12 19
12 8
12 29
12 31
12 7
12 49
12 1
12 131
12 8
12 69
12 83
12 20
12 23
12 27
12 20
12 2
12 23
12 27
12 39
12 2
12 61
12 24
12 5
12 123
12 9
12 36
12 18
12 285
12 42
12 3
12 4
12 4
12 41
12 46
12 24
12 15
12 70
12 48
12 62
12 25
12 18
12 31
12 46
12 10
12 33
12 6
12 6
12 25
12 87
12 11
12 79
12 47
12 38
12 48
12 60
12 16
12 112
12 27
12 2
12 46
12 17
12 25
12 28
12 4
12 17
12 18
12 50
12 6
12 64
12 63
12 21
12 32
12 71
12 42
12 6
12 286
12 45
12 45
12 6
12 58
12 29
12 18
12 33
12 59
12 35
12 16
12 46
12 48
12 15
12 9
12 28
12 29
12 6
12 36
12 46
12 11
12 18
12 19
12 35
12 23
12 49
12 3
12 92
12 19
12 9
12 2
12 62
12 57
12 12
12 8
12 42
12 9
12 101
12 8
12 4
12 70
12 2
12 111
12 5
12 46
12 19
12 20
12 67
12 41
12 28
12 57
12 66
12 69
12 34
12 27
12 38
12 7
12 2
12 21
12 7
12 34
12 13
12 4
12 55
12 11
12 27
12 2
12 6
12 147
12 4
12 1
12 41
12 53
12 52
12 5
12 10
12 2
12 24
12 33
12 66
12 14
12 41
12 35
12 18
12 36
12 74
12 73
12 32
12 80
12 8
12 96
12 63
12 92
12 42
12 23
12 5
12 42
12 33
12 9
12 26
12 15
12 23
12 22
12 28
12 26
12 59
12 1
12 13
12 105
12 11
12 4
12 56
12 18
12 45
12 43
12 33
12 1
12 98
12 42
12 11
12 16
12 22
12 13
12 21
12 2
12 60
12 22
12 60
12 1
12 4
12 15
12 5
12 68
12 72
12 68
12 52
12 6
12 4
12 10
12 6
--------------------------------------------------
Graph: g13.out
Dimensions (n, m): 6200, 96068
Best Optimum: 12
Average Repetitions: 30.71
